2025-05-11 03:38:21.929 - INFO - 
========================================
Dï¿½but analyse - 2025-05-11 03:38:21.929363
========================================
2025-05-11 03:38:21.929 - INFO - Chargement du modï¿½le depuis C:\Users\user1\Desktop\project - IDS\backend\ids\xgboost_UNSW-NB15_model.pkl
2025-05-11 03:38:21.931 - ERROR - ERREUR chargement modï¿½le: No module named 'xgboost'
Traceback (most recent call last):
  File "C:\Users\user1\Desktop\project - IDS\backend\ids\ids_predict.py", line 37, in load
    model_data = pickle.load(f)
ModuleNotFoundError: No module named 'xgboost'

2025-05-11 03:38:21.931 - ERROR - ERREUR analyse: {
  "status": "error",
  "message": "No module named 'xgboost'",
  "code": "PROCESSING_ERROR",
  "details": "Traceback (most recent call last):\n  File \"C:\\Users\\user1\\Desktop\\project - IDS\\backend\\ids\\ids_predict.py\", line 111, in main\n    model, expected_columns = ModelLoader.load()\n                              ~~~~~~~~~~~~~~~~^^\n  File \"C:\\Users\\user1\\Desktop\\project - IDS\\backend\\ids\\ids_predict.py\", line 37, in load\n    model_data = pickle.load(f)\nModuleNotFoundError: No module named 'xgboost'\n"
}
2025-05-11 03:47:00.716 - INFO - 
========================================
Début analyse - 2025-05-11 03:47:00.716614
========================================
2025-05-11 03:47:00.717 - INFO - Chargement du modèle depuis C:\Users\user1\Desktop\project - IDS\backend\ids\xgboost_UNSW-NB15_model.pkl
2025-05-11 03:47:01.454 - ERROR - ERREUR chargement modèle: No module named 'sklearn'
Traceback (most recent call last):
  File "C:\Users\user1\Desktop\project - IDS\backend\ids\ids_predict.py", line 37, in load
    model_data = pickle.load(f)
ModuleNotFoundError: No module named 'sklearn'

2025-05-11 03:47:01.454 - ERROR - ERREUR analyse: {
  "status": "error",
  "message": "No module named 'sklearn'",
  "code": "PROCESSING_ERROR",
  "details": "Traceback (most recent call last):\n  File \"C:\\Users\\user1\\Desktop\\project - IDS\\backend\\ids\\ids_predict.py\", line 111, in main\n    model, expected_columns = ModelLoader.load()\n                              ~~~~~~~~~~~~~~~~^^\n  File \"C:\\Users\\user1\\Desktop\\project - IDS\\backend\\ids\\ids_predict.py\", line 37, in load\n    model_data = pickle.load(f)\nModuleNotFoundError: No module named 'sklearn'\n"
}
2025-05-11 03:52:51.903 - INFO - 
========================================
Début analyse - 2025-05-11 03:52:51.903321
========================================
2025-05-11 03:52:51.903 - INFO - Chargement du modèle depuis C:\Users\user1\Desktop\project - IDS\backend\ids\xgboost_UNSW-NB15_model.pkl
2025-05-11 03:52:52.328 - ERROR - ERREUR chargement modèle: No module named 'sklearn'
Traceback (most recent call last):
  File "C:\Users\user1\Desktop\project - IDS\backend\ids\ids_predict.py", line 37, in load
    model_data = pickle.load(f)
ModuleNotFoundError: No module named 'sklearn'

2025-05-11 03:52:52.330 - ERROR - ERREUR analyse: {
  "status": "error",
  "message": "No module named 'sklearn'",
  "code": "PROCESSING_ERROR",
  "details": "Traceback (most recent call last):\n  File \"C:\\Users\\user1\\Desktop\\project - IDS\\backend\\ids\\ids_predict.py\", line 111, in main\n    model, expected_columns = ModelLoader.load()\n                              ~~~~~~~~~~~~~~~~^^\n  File \"C:\\Users\\user1\\Desktop\\project - IDS\\backend\\ids\\ids_predict.py\", line 37, in load\n    model_data = pickle.load(f)\nModuleNotFoundError: No module named 'sklearn'\n"
}
2025-05-11 03:55:09.732 - INFO - 
========================================
Début analyse - 2025-05-11 03:55:09.732539
========================================
2025-05-11 03:55:09.732 - INFO - Chargement du modèle depuis C:\Users\user1\Desktop\project - IDS\backend\ids\xgboost_UNSW-NB15_model.pkl
2025-05-11 03:55:10.296 - ERROR - ERREUR chargement modèle: No module named 'sklearn'
Traceback (most recent call last):
  File "C:\Users\user1\Desktop\project - IDS\backend\ids\ids_predict.py", line 37, in load
    model_data = pickle.load(f)
ModuleNotFoundError: No module named 'sklearn'

2025-05-11 03:55:10.297 - ERROR - ERREUR analyse: {
  "status": "error",
  "message": "No module named 'sklearn'",
  "code": "PROCESSING_ERROR",
  "details": "Traceback (most recent call last):\n  File \"C:\\Users\\user1\\Desktop\\project - IDS\\backend\\ids\\ids_predict.py\", line 111, in main\n    model, expected_columns = ModelLoader.load()\n                              ~~~~~~~~~~~~~~~~^^\n  File \"C:\\Users\\user1\\Desktop\\project - IDS\\backend\\ids\\ids_predict.py\", line 37, in load\n    model_data = pickle.load(f)\nModuleNotFoundError: No module named 'sklearn'\n"
}
2025-05-11 04:00:27.740 - INFO - 
========================================
Début analyse - 2025-05-11 04:00:27.740561
========================================
2025-05-11 04:00:27.740 - INFO - Chargement du modèle depuis C:\Users\user1\Desktop\project - IDS\backend\ids\xgboost_UNSW-NB15_model.pkl
2025-05-11 04:00:41.023 - INFO - Modèle chargé - 182 colonnes attendues
2025-05-11 04:00:41.023 - INFO - Début préparation des données - Fichier: C:\Users\user1\Desktop\project - IDS\backend\ids\temp\upload_1746932422549.csv
2025-05-11 04:00:41.041 - INFO - Données brutes chargées - 6 lignes, 51 colonnes
2025-05-11 04:00:41.041 - INFO - Colonnes fournies: ['b5120cd4-0848-4b99-b56b-afe65b3075cb', '2025-05-11T00:41:36.205Z', '::1', '58077', '::1.1', '5002', 'HTTP', 'ERR', '0.104', '0', '139', '64', '64.1', '0.1', '0.2', 'other', '0.00', '1336.54', '1', '1.1', '65535', '65535.1', '0.3', '139.1', '0.4', '139.2', '1.2', '139.3', '0.5', '0.6', 'Unnamed: 30', 'Unnamed: 31', '0.7', '0.8', '104', '52', '52.1', '0.9', '0.10', '1.3', '0.11', '0.12', '1.4', '1.5', '1.6', '1.7', '1.8', '1.9', '1.10', 'Normal', '0.13']
2025-05-11 04:00:41.063 - INFO - 3 premières lignes:
   b5120cd4-0848-4b99-b56b-afe65b3075cb  2025-05-11T00:41:36.205Z  ::1  58077 ::1.1  5002  HTTP  ERR  0.104  0  139  64  64.1  0.1  0.2  other  0.00  1336.54  1  1.1  65535  65535.1  0.3  139.1  0.4  139.2  1.2  139.3  0.5  0.6  Unnamed: 30  Unnamed: 31  0.7  0.8  104   52  52.1  0.9  0.10  1.3  0.11  0.12  1.4  1.5  1.6  1.7  1.8  1.9  1.10  Normal  0.13
0  0d7134e6-6fb6-4c71-a426-ee17e6e8754f  2025-05-11T00:41:39.686Z  ::1  58078   ::1  5002  HTTP  ERR  0.009  0    0  64    64    0    0  other   0.0      0.0  1    1  65535    65535    0      0    0      0    1      0    0    0          NaN          NaN    0    0    9  4.5   4.5    0     0    1     0     0    1    1    1    1    1    1     1  Normal     0
1  b5d63064-4efa-40eb-814a-e61faa66d3d9  2025-05-11T00:42:49.442Z  ::1  58128   ::1  5002  HTTP   OK  0.008  0   94  64    64    0    0  other   0.0  11750.0  1    1  65535    65535    0     94    0     94    1     94    0    0          NaN          NaN    0    0    8  4.0   4.0    0     0    1     0     0    1    1    1    1    1    1     1  Normal     0
2  d7749416-c273-486e-8e43-c8e52fe11a92  2025-05-11T00:42:49.778Z  ::1  58128   ::1  5002  HTTP  ERR  0.005  0  150  64    64    0    0  other   0.0  30000.0  1    1  65535    65535    0    150    0    150    1    150    0    0          NaN          NaN    0    0    5  2.5   2.5    0     0    1     0     0    1    1    1    1    1    1     1  Normal     0
2025-05-11 04:00:41.063 - INFO - Colonnes communes: 0/182
2025-05-11 04:00:41.064 - INFO - Colonnes manquantes: {'dinpkt', 'proto_45', 'tcprtt', 'proto_8', 'proto_117', 'dloss', 'proto_130', 'proto_49', 'ackdat', 'proto_31', 'proto_3', 'proto_79', 'proto_72', 'state_RST', 'proto_99', 'proto_26', 'proto_108', 'proto_128', 'dur', 'proto_87', 'proto_51', 'proto_114', 'proto_113', 'dmean', 'proto_60', 'proto_122', 'proto_98', 'proto_25', 'dload', 'proto_96', 'proto_19', 'proto_107', 'proto_11', 'proto_126', 'proto_28', 'proto_52', 'state_CON', 'proto_77', 'proto_43', 'response_body_len', 'proto_89', 'proto_32', 'service_ftp', 'proto_20', 'state_ACC', 'proto_78', 'trans_depth', 'service_-', 'proto_68', 'proto_13', 'proto_42', 'proto_36', 'proto_66', 'proto_129', 'ct_src_dport_ltm', 'ct_dst_sport_ltm', 'service_irc', 'sjit', 'service_dhcp', 'proto_81', 'service_snmp', 'proto_84', 'dtcpb', 'proto_106', 'service_http', 'sload', 'proto_12', 'proto_115', 'dpkts', 'proto_23', 'proto_58', 'proto_70', 'proto_119', 'proto_24', 'proto_63', 'proto_38', 'proto_101', 'proto_47', 'proto_93', 'rate', 'ct_ftp_cmd', 'service_ftp-data', 'proto_2', 'proto_73', 'proto_4', 'synack', 'proto_92', 'proto_75', 'is_ftp_login', 'proto_21', 'proto_41', 'proto_104', 'proto_127', 'proto_80', 'proto_34', 'proto_116', 'proto_9', 'proto_53', 'proto_74', 'proto_14', 'proto_40', 'service_smtp', 'state_REQ', 'proto_29', 'proto_65', 'proto_44', 'proto_71', 'smean', 'proto_64', 'service_ssl', 'proto_82', 'proto_55', 'proto_95', 'proto_109', 'proto_86', 'proto_61', 'proto_37', 'proto_39', 'proto_50', 'proto_0', 'proto_15', 'proto_46', 'proto_7', 'proto_17', 'proto_121', 'proto_67', 'service_radius', 'proto_110', 'proto_48', 'proto_125', 'sbytes', 'proto_18', 'proto_103', 'state_INT', 'proto_118', 'proto_100', 'proto_85', 'proto_16', 'proto_57', 'proto_105', 'proto_10', 'proto_1', 'proto_6', 'proto_91', 'proto_94', 'sloss', 'proto_69', 'proto_83', 'proto_90', 'swin', 'proto_97', 'spkts', 'djit', 'proto_54', 'proto_88', 'proto_22', 'proto_27', 'state_CLO', 'proto_120', 'proto_112', 'service_ssh', 'service_pop3', 'proto_123', 'proto_62', 'stcpb', 'proto_5', 'proto_35', 'proto_33', 'proto_30', 'proto_124', 'dwin', 'proto_76', 'ct_flw_http_mthd', 'service_dns', 'proto_111', 'sinpkt', 'state_FIN', 'dbytes', 'is_sm_ips_ports', 'proto_59', 'proto_102', 'proto_56'}
2025-05-11 04:00:41.261 - INFO - Préparation terminée en 0.24s
2025-05-11 04:00:41.261 - INFO - Début des prédictions...
2025-05-11 04:00:41.317 - INFO - Analyse terminée avec succès - 6 entrées traitées
2025-05-11 04:10:56.305 - INFO - 
========================================
Début analyse - 2025-05-11 04:10:56.305513
========================================
2025-05-11 04:10:56.305 - INFO - Chargement du modèle depuis C:\Users\user1\Desktop\project - IDS\backend\ids\xgboost_UNSW-NB15_model.pkl
2025-05-11 04:10:57.809 - INFO - Modèle chargé - 182 colonnes attendues
2025-05-11 04:10:57.810 - INFO - Début préparation des données - Fichier: C:\Users\user1\Desktop\project - IDS\backend\ids\temp\upload_1746933055226.csv
2025-05-11 04:10:57.817 - INFO - Données brutes chargées - 6 lignes, 51 colonnes
2025-05-11 04:10:57.817 - INFO - Colonnes fournies: ['b5120cd4-0848-4b99-b56b-afe65b3075cb', '2025-05-11T00:41:36.205Z', '::1', '58077', '::1.1', '5002', 'HTTP', 'ERR', '0.104', '0', '139', '64', '64.1', '0.1', '0.2', 'other', '0.00', '1336.54', '1', '1.1', '65535', '65535.1', '0.3', '139.1', '0.4', '139.2', '1.2', '139.3', '0.5', '0.6', 'Unnamed: 30', 'Unnamed: 31', '0.7', '0.8', '104', '52', '52.1', '0.9', '0.10', '1.3', '0.11', '0.12', '1.4', '1.5', '1.6', '1.7', '1.8', '1.9', '1.10', 'Normal', '0.13']
2025-05-11 04:10:57.828 - INFO - 3 premières lignes:
   b5120cd4-0848-4b99-b56b-afe65b3075cb  2025-05-11T00:41:36.205Z  ::1  58077 ::1.1  5002  HTTP  ERR  0.104  0  139  64  64.1  0.1  0.2  other  0.00  1336.54  1  1.1  65535  65535.1  0.3  139.1  0.4  139.2  1.2  139.3  0.5  0.6  Unnamed: 30  Unnamed: 31  0.7  0.8  104   52  52.1  0.9  0.10  1.3  0.11  0.12  1.4  1.5  1.6  1.7  1.8  1.9  1.10  Normal  0.13
0  0d7134e6-6fb6-4c71-a426-ee17e6e8754f  2025-05-11T00:41:39.686Z  ::1  58078   ::1  5002  HTTP  ERR  0.009  0    0  64    64    0    0  other   0.0      0.0  1    1  65535    65535    0      0    0      0    1      0    0    0          NaN          NaN    0    0    9  4.5   4.5    0     0    1     0     0    1    1    1    1    1    1     1  Normal     0
1  b5d63064-4efa-40eb-814a-e61faa66d3d9  2025-05-11T00:42:49.442Z  ::1  58128   ::1  5002  HTTP   OK  0.008  0   94  64    64    0    0  other   0.0  11750.0  1    1  65535    65535    0     94    0     94    1     94    0    0          NaN          NaN    0    0    8  4.0   4.0    0     0    1     0     0    1    1    1    1    1    1     1  Normal     0
2  d7749416-c273-486e-8e43-c8e52fe11a92  2025-05-11T00:42:49.778Z  ::1  58128   ::1  5002  HTTP  ERR  0.005  0  150  64    64    0    0  other   0.0  30000.0  1    1  65535    65535    0    150    0    150    1    150    0    0          NaN          NaN    0    0    5  2.5   2.5    0     0    1     0     0    1    1    1    1    1    1     1  Normal     0
2025-05-11 04:10:57.828 - INFO - Colonnes communes: 0/182
2025-05-11 04:10:57.828 - INFO - Colonnes manquantes: {'proto_109', 'proto_63', 'proto_121', 'proto_112', 'proto_31', 'service_irc', 'proto_92', 'ct_src_dport_ltm', 'proto_69', 'proto_22', 'proto_5', 'proto_120', 'proto_0', 'proto_43', 'dloss', 'sload', 'proto_41', 'service_snmp', 'dbytes', 'proto_25', 'proto_2', 'proto_61', 'proto_57', 'proto_129', 'state_CON', 'proto_1', 'proto_105', 'proto_116', 'service_pop3', 'proto_83', 'service_ftp-data', 'proto_48', 'sjit', 'proto_91', 'state_INT', 'proto_77', 'proto_87', 'stcpb', 'proto_53', 'proto_42', 'proto_19', 'service_http', 'proto_123', 'proto_62', 'proto_71', 'proto_38', 'smean', 'proto_28', 'proto_68', 'state_CLO', 'djit', 'proto_125', 'proto_127', 'proto_13', 'proto_75', 'proto_95', 'sbytes', 'service_ssh', 'proto_79', 'dwin', 'proto_99', 'proto_51', 'proto_44', 'dur', 'proto_113', 'response_body_len', 'proto_29', 'proto_93', 'proto_101', 'proto_110', 'proto_122', 'proto_17', 'proto_124', 'proto_70', 'proto_16', 'proto_108', 'proto_50', 'proto_90', 'proto_80', 'proto_86', 'proto_24', 'proto_54', 'proto_81', 'proto_115', 'synack', 'proto_52', 'swin', 'proto_34', 'ct_ftp_cmd', 'spkts', 'proto_27', 'proto_39', 'proto_73', 'proto_58', 'proto_23', 'service_radius', 'proto_94', 'proto_88', 'proto_9', 'proto_21', 'proto_65', 'dmean', 'proto_89', 'proto_111', 'proto_10', 'is_ftp_login', 'proto_128', 'tcprtt', 'proto_3', 'proto_59', 'service_dns', 'proto_60', 'proto_96', 'dtcpb', 'proto_7', 'proto_35', 'proto_64', 'proto_67', 'proto_85', 'dpkts', 'proto_72', 'proto_6', 'sloss', 'proto_18', 'proto_32', 'proto_40', 'proto_66', 'proto_98', 'proto_103', 'service_dhcp', 'dload', 'proto_100', 'proto_126', 'service_smtp', 'rate', 'proto_30', 'proto_4', 'service_ssl', 'trans_depth', 'proto_20', 'state_ACC', 'state_FIN', 'dinpkt', 'proto_130', 'proto_33', 'proto_117', 'proto_78', 'proto_102', 'proto_47', 'proto_107', 'ackdat', 'proto_45', 'proto_97', 'proto_114', 'sinpkt', 'proto_26', 'proto_46', 'state_RST', 'is_sm_ips_ports', 'proto_119', 'proto_49', 'proto_14', 'proto_106', 'proto_76', 'service_-', 'proto_8', 'proto_12', 'proto_15', 'service_ftp', 'proto_104', 'state_REQ', 'proto_36', 'proto_11', 'proto_74', 'proto_118', 'ct_dst_sport_ltm', 'proto_56', 'proto_37', 'proto_84', 'ct_flw_http_mthd', 'proto_82', 'proto_55'}
2025-05-11 04:10:57.883 - INFO - Préparation terminée en 0.07s
2025-05-11 04:10:57.883 - INFO - Début des prédictions...
2025-05-11 04:10:57.902 - INFO - Analyse terminée avec succès - 6 entrées traitées
2025-05-11 04:11:45.675 - INFO - 
========================================
Début analyse - 2025-05-11 04:11:45.675715
========================================
2025-05-11 04:11:45.676 - INFO - Chargement du modèle depuis C:\Users\user1\Desktop\project - IDS\backend\ids\xgboost_UNSW-NB15_model.pkl
2025-05-11 04:11:47.174 - INFO - Modèle chargé - 182 colonnes attendues
2025-05-11 04:11:47.174 - INFO - Début préparation des données - Fichier: C:\Users\user1\Desktop\project - IDS\backend\ids\temp\upload_1746933104679.csv
2025-05-11 04:11:47.208 - INFO - Données brutes chargées - 1 lignes, 182 colonnes
2025-05-11 04:11:47.209 - INFO - Colonnes fournies: ['num__dur', 'num__spkts', 'num__dpkts', 'num__sbytes', 'num__dbytes', 'num__rate', 'num__sload', 'num__dload', 'num__sloss', 'num__dloss', 'num__sinpkt', 'num__dinpkt', 'num__sjit', 'num__djit', 'num__swin', 'num__stcpb', 'num__dtcpb', 'num__dwin', 'num__tcprtt', 'num__synack', 'num__ackdat', 'num__smean', 'num__dmean', 'num__trans_depth', 'num__response_body_len', 'num__ct_src_dport_ltm', 'num__ct_dst_sport_ltm', 'num__is_ftp_login', 'num__ct_ftp_cmd', 'num__ct_flw_http_mthd', 'num__is_sm_ips_ports', 'cat__proto_0', 'cat__proto_1', 'cat__proto_2', 'cat__proto_3', 'cat__proto_4', 'cat__proto_5', 'cat__proto_6', 'cat__proto_7', 'cat__proto_8', 'cat__proto_9', 'cat__proto_10', 'cat__proto_11', 'cat__proto_12', 'cat__proto_13', 'cat__proto_14', 'cat__proto_15', 'cat__proto_16', 'cat__proto_17', 'cat__proto_18', 'cat__proto_19', 'cat__proto_20', 'cat__proto_21', 'cat__proto_22', 'cat__proto_23', 'cat__proto_24', 'cat__proto_25', 'cat__proto_26', 'cat__proto_27', 'cat__proto_28', 'cat__proto_29', 'cat__proto_30', 'cat__proto_31', 'cat__proto_32', 'cat__proto_33', 'cat__proto_34', 'cat__proto_35', 'cat__proto_36', 'cat__proto_37', 'cat__proto_38', 'cat__proto_39', 'cat__proto_40', 'cat__proto_41', 'cat__proto_42', 'cat__proto_43', 'cat__proto_44', 'cat__proto_45', 'cat__proto_46', 'cat__proto_47', 'cat__proto_48', 'cat__proto_49', 'cat__proto_50', 'cat__proto_51', 'cat__proto_52', 'cat__proto_53', 'cat__proto_54', 'cat__proto_55', 'cat__proto_56', 'cat__proto_57', 'cat__proto_58', 'cat__proto_59', 'cat__proto_60', 'cat__proto_61', 'cat__proto_62', 'cat__proto_63', 'cat__proto_64', 'cat__proto_65', 'cat__proto_66', 'cat__proto_67', 'cat__proto_68', 'cat__proto_69', 'cat__proto_70', 'cat__proto_71', 'cat__proto_72', 'cat__proto_73', 'cat__proto_74', 'cat__proto_75', 'cat__proto_76', 'cat__proto_77', 'cat__proto_78', 'cat__proto_79', 'cat__proto_80', 'cat__proto_81', 'cat__proto_82', 'cat__proto_83', 'cat__proto_84', 'cat__proto_85', 'cat__proto_86', 'cat__proto_87', 'cat__proto_88', 'cat__proto_89', 'cat__proto_90', 'cat__proto_91', 'cat__proto_92', 'cat__proto_93', 'cat__proto_94', 'cat__proto_95', 'cat__proto_96', 'cat__proto_97', 'cat__proto_98', 'cat__proto_99', 'cat__proto_100', 'cat__proto_101', 'cat__proto_102', 'cat__proto_103', 'cat__proto_104', 'cat__proto_105', 'cat__proto_106', 'cat__proto_107', 'cat__proto_108', 'cat__proto_109', 'cat__proto_110', 'cat__proto_111', 'cat__proto_112', 'cat__proto_113', 'cat__proto_114', 'cat__proto_115', 'cat__proto_116', 'cat__proto_117', 'cat__proto_118', 'cat__proto_119', 'cat__proto_120', 'cat__proto_121', 'cat__proto_122', 'cat__proto_123', 'cat__proto_124', 'cat__proto_125', 'cat__proto_126', 'cat__proto_127', 'cat__proto_128', 'cat__proto_129', 'cat__proto_130', 'cat__service_-', 'cat__service_dhcp', 'cat__service_dns', 'cat__service_ftp', 'cat__service_ftp-data', 'cat__service_http', 'cat__service_irc', 'cat__service_pop3', 'cat__service_radius', 'cat__service_smtp', 'cat__service_snmp', 'cat__service_ssh', 'cat__service_ssl', 'cat__state_ACC', 'cat__state_CLO', 'cat__state_CON', 'cat__state_FIN', 'cat__state_INT', 'cat__state_REQ', 'cat__state_RST']
2025-05-11 04:11:47.226 - INFO - 3 premières lignes:
   num__dur  num__spkts  num__dpkts  num__sbytes  num__dbytes  num__rate  num__sload  num__dload  num__sloss  num__dloss  num__sinpkt  num__dinpkt  num__sjit  num__djit  num__swin  num__stcpb  num__dtcpb  num__dwin  num__tcprtt  num__synack  num__ackdat  num__smean  num__dmean  num__trans_depth  num__response_body_len  num__ct_src_dport_ltm  num__ct_dst_sport_ltm  num__is_ftp_login  num__ct_ftp_cmd  num__ct_flw_http_mthd  num__is_sm_ips_ports  cat__proto_0  cat__proto_1  cat__proto_2  cat__proto_3  cat__proto_4  cat__proto_5  cat__proto_6  cat__proto_7  cat__proto_8  cat__proto_9  cat__proto_10  cat__proto_11  cat__proto_12  cat__proto_13  cat__proto_14  cat__proto_15  cat__proto_16  cat__proto_17  cat__proto_18  cat__proto_19  cat__proto_20  cat__proto_21  cat__proto_22  cat__proto_23  cat__proto_24  cat__proto_25  cat__proto_26  cat__proto_27  cat__proto_28  cat__proto_29  cat__proto_30  cat__proto_31  cat__proto_32  cat__proto_33  cat__proto_34  cat__proto_35  cat__proto_36  cat__proto_37  cat__proto_38  cat__proto_39  cat__proto_40  cat__proto_41  cat__proto_42  cat__proto_43  cat__proto_44  cat__proto_45  cat__proto_46  cat__proto_47  cat__proto_48  cat__proto_49  cat__proto_50  cat__proto_51  cat__proto_52  cat__proto_53  cat__proto_54  cat__proto_55  cat__proto_56  cat__proto_57  cat__proto_58  cat__proto_59  cat__proto_60  cat__proto_61  cat__proto_62  cat__proto_63  cat__proto_64  cat__proto_65  cat__proto_66  cat__proto_67  cat__proto_68  cat__proto_69  cat__proto_70  cat__proto_71  cat__proto_72  cat__proto_73  cat__proto_74  cat__proto_75  cat__proto_76  cat__proto_77  cat__proto_78  cat__proto_79  cat__proto_80  cat__proto_81  cat__proto_82  cat__proto_83  cat__proto_84  cat__proto_85  cat__proto_86  cat__proto_87  cat__proto_88  cat__proto_89  cat__proto_90  cat__proto_91  cat__proto_92  cat__proto_93  cat__proto_94  cat__proto_95  cat__proto_96  cat__proto_97  cat__proto_98  cat__proto_99  cat__proto_100  cat__proto_101  cat__proto_102  cat__proto_103  cat__proto_104  cat__proto_105  cat__proto_106  cat__proto_107  cat__proto_108  cat__proto_109  cat__proto_110  cat__proto_111  cat__proto_112  cat__proto_113  cat__proto_114  cat__proto_115  cat__proto_116  cat__proto_117  cat__proto_118  cat__proto_119  cat__proto_120  cat__proto_121  cat__proto_122  cat__proto_123  cat__proto_124  cat__proto_125  cat__proto_126  cat__proto_127  cat__proto_128  cat__proto_129  cat__proto_130  cat__service_-  cat__service_dhcp  cat__service_dns  cat__service_ftp  cat__service_ftp-data  cat__service_http  cat__service_irc  cat__service_pop3  cat__service_radius  cat__service_smtp  cat__service_snmp  cat__service_ssh  cat__service_ssl  cat__state_ACC  cat__state_CLO  cat__state_CON  cat__state_FIN  cat__state_INT  cat__state_REQ  cat__state_RST
0         0           0           0            0            0          0           0           0           0           0            0            0          0          0          0           0           0          0            0            0            0           0           0                 0                       0                      0                      0                  0                0                      0                     0             0             0             0             0             0             0             0             0             0             0              0              0              0              0              0              0              0              0              0              0              0              0              0              0              0              0              0              0              0              0              0              0              0              0              0              0              0              0              0              0              0              0              0              0              0              0              0              0              0              0              0              0              0              0              0              0              0              0              0              0              0              0              0              0              0              0              0              0              0              0              0              0              0              0              0              0              0              0              0              0              0              0              0              0              0              0              0              0              0              0              0              0              0              0              0              0              0              0              0              0               0               0               0               0               0               0               0               0               0               0               0               0               0               0               0               0               0               0               0               0               0               0               0               0               0               0               0               0               0               0               0               0                  0                 0                 0                      0                  0                 0                  0                    0                  0                  0                 0                 0               0               0               0               0               0               0               0
2025-05-11 04:11:47.226 - INFO - Colonnes communes: 0/182
2025-05-11 04:11:47.226 - INFO - Colonnes manquantes: {'proto_25', 'proto_46', 'ct_flw_http_mthd', 'sload', 'proto_10', 'proto_20', 'proto_88', 'proto_1', 'djit', 'proto_6', 'dur', 'service_http', 'proto_4', 'proto_65', 'proto_51', 'proto_17', 'proto_8', 'service_radius', 'proto_123', 'proto_80', 'proto_22', 'proto_79', 'proto_69', 'proto_34', 'proto_38', 'proto_125', 'proto_30', 'proto_23', 'proto_130', 'stcpb', 'proto_126', 'trans_depth', 'proto_57', 'proto_103', 'service_dhcp', 'dbytes', 'proto_53', 'ct_ftp_cmd', 'proto_58', 'sloss', 'proto_9', 'swin', 'proto_128', 'proto_35', 'proto_113', 'proto_118', 'proto_74', 'proto_55', 'proto_45', 'proto_83', 'proto_109', 'dloss', 'proto_108', 'proto_110', 'proto_0', 'proto_120', 'sinpkt', 'service_ssl', 'proto_81', 'proto_124', 'proto_106', 'proto_24', 'proto_29', 'proto_52', 'proto_26', 'proto_39', 'proto_73', 'proto_21', 'proto_43', 'proto_116', 'state_RST', 'proto_63', 'proto_70', 'sbytes', 'proto_104', 'sjit', 'proto_114', 'proto_60', 'proto_5', 'dinpkt', 'proto_97', 'proto_27', 'proto_89', 'proto_32', 'proto_48', 'proto_16', 'proto_99', 'state_CON', 'proto_33', 'proto_41', 'proto_44', 'service_ftp', 'proto_61', 'dmean', 'proto_85', 'proto_96', 'proto_77', 'proto_71', 'proto_111', 'is_ftp_login', 'proto_94', 'proto_93', 'proto_40', 'proto_56', 'proto_50', 'proto_2', 'ct_dst_sport_ltm', 'proto_117', 'tcprtt', 'proto_92', 'proto_112', 'dpkts', 'proto_101', 'proto_102', 'proto_107', 'proto_49', 'proto_28', 'proto_42', 'proto_121', 'proto_87', 'proto_115', 'proto_14', 'state_REQ', 'proto_7', 'service_snmp', 'synack', 'state_INT', 'proto_11', 'proto_62', 'proto_119', 'proto_100', 'proto_78', 'state_ACC', 'proto_66', 'proto_127', 'dtcpb', 'rate', 'proto_86', 'service_smtp', 'proto_31', 'proto_64', 'smean', 'proto_82', 'proto_15', 'proto_122', 'service_dns', 'ct_src_dport_ltm', 'proto_84', 'proto_72', 'proto_95', 'proto_19', 'service_irc', 'response_body_len', 'proto_13', 'proto_59', 'proto_67', 'dwin', 'proto_3', 'proto_18', 'proto_36', 'proto_37', 'service_-', 'service_ssh', 'proto_129', 'is_sm_ips_ports', 'proto_98', 'state_FIN', 'proto_91', 'service_pop3', 'proto_47', 'proto_90', 'dload', 'service_ftp-data', 'proto_68', 'state_CLO', 'proto_12', 'spkts', 'proto_75', 'proto_54', 'proto_76', 'ackdat', 'proto_105'}
2025-05-11 04:11:47.330 - INFO - Préparation terminée en 0.16s
2025-05-11 04:11:47.331 - INFO - Début des prédictions...
2025-05-11 04:11:47.360 - INFO - Analyse terminée avec succès - 1 entrées traitées
2025-05-28 11:07:36.294 - INFO - 
========================================
Début analyse - 2025-05-28 11:07:36.294418
========================================
2025-05-28 11:07:36.295 - INFO - Chargement du modèle depuis C:\Users\user1\Desktop\project - IDS - VA\backend\ids\xgboost_UNSW-NB15_model.pkl
2025-05-28 11:07:51.751 - INFO - Modèle chargé - 182 colonnes attendues
2025-05-28 11:07:51.751 - INFO - Début préparation des données - Fichier: C:\Users\user1\Desktop\project - IDS - VA\backend\ids\temp\upload_1748426849566.csv
2025-05-28 11:07:51.802 - INFO - Données brutes chargées - 6 lignes, 51 colonnes
2025-05-28 11:07:51.802 - INFO - Colonnes fournies: ['b5120cd4-0848-4b99-b56b-afe65b3075cb', '2025-05-11T00:41:36.205Z', '::1', '58077', '::1.1', '5002', 'HTTP', 'ERR', '0.104', '0', '139', '64', '64.1', '0.1', '0.2', 'other', '0.00', '1336.54', '1', '1.1', '65535', '65535.1', '0.3', '139.1', '0.4', '139.2', '1.2', '139.3', '0.5', '0.6', 'Unnamed: 30', 'Unnamed: 31', '0.7', '0.8', '104', '52', '52.1', '0.9', '0.10', '1.3', '0.11', '0.12', '1.4', '1.5', '1.6', '1.7', '1.8', '1.9', '1.10', 'Normal', '0.13']
2025-05-28 11:07:51.835 - INFO - 3 premières lignes:
   b5120cd4-0848-4b99-b56b-afe65b3075cb  2025-05-11T00:41:36.205Z  ::1  58077 ::1.1  5002  HTTP  ERR  0.104  0  139  64  64.1  0.1  0.2  other  0.00  1336.54  1  1.1  65535  65535.1  0.3  139.1  0.4  139.2  1.2  139.3  0.5  0.6  Unnamed: 30  Unnamed: 31  0.7  0.8  104   52  52.1  0.9  0.10  1.3  0.11  0.12  1.4  1.5  1.6  1.7  1.8  1.9  1.10  Normal  0.13
0  0d7134e6-6fb6-4c71-a426-ee17e6e8754f  2025-05-11T00:41:39.686Z  ::1  58078   ::1  5002  HTTP  ERR  0.009  0    0  64    64    0    0  other   0.0      0.0  1    1  65535    65535    0      0    0      0    1      0    0    0          NaN          NaN    0    0    9  4.5   4.5    0     0    1     0     0    1    1    1    1    1    1     1  Normal     0
1  b5d63064-4efa-40eb-814a-e61faa66d3d9  2025-05-11T00:42:49.442Z  ::1  58128   ::1  5002  HTTP   OK  0.008  0   94  64    64    0    0  other   0.0  11750.0  1    1  65535    65535    0     94    0     94    1     94    0    0          NaN          NaN    0    0    8  4.0   4.0    0     0    1     0     0    1    1    1    1    1    1     1  Normal     0
2  d7749416-c273-486e-8e43-c8e52fe11a92  2025-05-11T00:42:49.778Z  ::1  58128   ::1  5002  HTTP  ERR  0.005  0  150  64    64    0    0  other   0.0  30000.0  1    1  65535    65535    0    150    0    150    1    150    0    0          NaN          NaN    0    0    5  2.5   2.5    0     0    1     0     0    1    1    1    1    1    1     1  Normal     0
2025-05-28 11:07:51.836 - INFO - Colonnes communes: 0/182
2025-05-28 11:07:51.836 - INFO - Colonnes manquantes: {'proto_61', 'proto_116', 'proto_53', 'trans_depth', 'proto_121', 'proto_44', 'proto_93', 'proto_82', 'proto_79', 'synack', 'dmean', 'proto_21', 'proto_81', 'proto_71', 'proto_106', 'proto_47', 'service_snmp', 'proto_102', 'dur', 'rate', 'proto_45', 'proto_52', 'proto_35', 'proto_75', 'proto_2', 'proto_48', 'proto_32', 'proto_63', 'proto_130', 'proto_25', 'proto_41', 'proto_111', 'proto_8', 'proto_12', 'proto_50', 'proto_119', 'response_body_len', 'service_ssh', 'proto_123', 'proto_55', 'proto_89', 'proto_122', 'proto_31', 'proto_127', 'proto_51', 'sloss', 'proto_40', 'proto_97', 'dload', 'proto_70', 'ct_ftp_cmd', 'proto_37', 'proto_74', 'proto_10', 'proto_115', 'proto_77', 'sinpkt', 'proto_6', 'service_radius', 'proto_80', 'state_ACC', 'proto_108', 'proto_110', 'proto_114', 'state_INT', 'proto_88', 'proto_29', 'state_REQ', 'proto_91', 'service_ssl', 'dwin', 'swin', 'proto_105', 'dloss', 'proto_57', 'proto_16', 'proto_9', 'proto_54', 'proto_117', 'proto_118', 'sjit', 'stcpb', 'proto_96', 'proto_104', 'service_dns', 'proto_62', 'proto_30', 'proto_124', 'proto_129', 'ct_dst_sport_ltm', 'proto_87', 'proto_86', 'proto_101', 'proto_39', 'sload', 'proto_66', 'service_http', 'proto_78', 'is_ftp_login', 'ct_src_dport_ltm', 'proto_84', 'proto_15', 'proto_103', 'proto_64', 'service_ftp-data', 'proto_17', 'proto_112', 'proto_65', 'dtcpb', 'service_dhcp', 'proto_128', 'proto_109', 'proto_34', 'proto_5', 'proto_46', 'proto_68', 'service_smtp', 'proto_58', 'proto_94', 'proto_22', 'proto_23', 'djit', 'proto_42', 'proto_43', 'proto_90', 'proto_100', 'service_irc', 'proto_67', 'proto_99', 'proto_126', 'proto_27', 'ct_flw_http_mthd', 'proto_0', 'state_CLO', 'proto_26', 'proto_125', 'proto_59', 'proto_49', 'tcprtt', 'proto_19', 'proto_98', 'proto_20', 'proto_60', 'smean', 'proto_14', 'proto_33', 'proto_56', 'dinpkt', 'spkts', 'ackdat', 'is_sm_ips_ports', 'proto_113', 'state_CON', 'proto_24', 'proto_95', 'proto_11', 'proto_4', 'proto_7', 'proto_38', 'proto_13', 'dbytes', 'service_pop3', 'sbytes', 'proto_83', 'proto_3', 'service_ftp', 'proto_76', 'proto_28', 'proto_73', 'state_FIN', 'proto_107', 'proto_120', 'state_RST', 'proto_69', 'proto_1', 'proto_72', 'dpkts', 'proto_85', 'proto_92', 'service_-', 'proto_36', 'proto_18'}
2025-05-28 11:07:52.066 - INFO - Préparation terminée en 0.31s
2025-05-28 11:07:52.066 - INFO - Début des prédictions...
2025-05-28 11:07:52.108 - INFO - Analyse terminée avec succès - 6 entrées traitées
2025-06-20 01:55:28.536 - INFO - 
========================================
Début analyse - 2025-06-20 01:55:28.536620
========================================
2025-06-20 01:55:28.537 - INFO - Chargement du modèle depuis C:\Users\user1\Desktop\project - IDS - VA\backend\ids\xgboost_UNSW-NB15_model.pkl
2025-06-20 01:55:43.923 - INFO - Modèle chargé - 182 colonnes attendues
2025-06-20 01:55:43.923 - INFO - Début préparation des données - Fichier: C:\Users\user1\Desktop\project - IDS - VA\backend\ids\temp\upload_1750380921002.csv
2025-06-20 01:55:43.933 - INFO - Données brutes chargées - 6 lignes, 51 colonnes
2025-06-20 01:55:43.933 - INFO - Colonnes fournies: ['b5120cd4-0848-4b99-b56b-afe65b3075cb', '2025-05-11T00:41:36.205Z', '::1', '58077', '::1.1', '5002', 'HTTP', 'ERR', '0.104', '0', '139', '64', '64.1', '0.1', '0.2', 'other', '0.00', '1336.54', '1', '1.1', '65535', '65535.1', '0.3', '139.1', '0.4', '139.2', '1.2', '139.3', '0.5', '0.6', 'Unnamed: 30', 'Unnamed: 31', '0.7', '0.8', '104', '52', '52.1', '0.9', '0.10', '1.3', '0.11', '0.12', '1.4', '1.5', '1.6', '1.7', '1.8', '1.9', '1.10', 'Normal', '0.13']
2025-06-20 01:55:43.949 - INFO - 3 premières lignes:
   b5120cd4-0848-4b99-b56b-afe65b3075cb  2025-05-11T00:41:36.205Z  ::1  58077 ::1.1  5002  HTTP  ERR  0.104  0  139  64  64.1  0.1  0.2  other  0.00  1336.54  1  1.1  65535  65535.1  0.3  139.1  0.4  139.2  1.2  139.3  0.5  0.6  Unnamed: 30  Unnamed: 31  0.7  0.8  104   52  52.1  0.9  0.10  1.3  0.11  0.12  1.4  1.5  1.6  1.7  1.8  1.9  1.10  Normal  0.13
0  0d7134e6-6fb6-4c71-a426-ee17e6e8754f  2025-05-11T00:41:39.686Z  ::1  58078   ::1  5002  HTTP  ERR  0.009  0    0  64    64    0    0  other   0.0      0.0  1    1  65535    65535    0      0    0      0    1      0    0    0          NaN          NaN    0    0    9  4.5   4.5    0     0    1     0     0    1    1    1    1    1    1     1  Normal     0
1  b5d63064-4efa-40eb-814a-e61faa66d3d9  2025-05-11T00:42:49.442Z  ::1  58128   ::1  5002  HTTP   OK  0.008  0   94  64    64    0    0  other   0.0  11750.0  1    1  65535    65535    0     94    0     94    1     94    0    0          NaN          NaN    0    0    8  4.0   4.0    0     0    1     0     0    1    1    1    1    1    1     1  Normal     0
2  d7749416-c273-486e-8e43-c8e52fe11a92  2025-05-11T00:42:49.778Z  ::1  58128   ::1  5002  HTTP  ERR  0.005  0  150  64    64    0    0  other   0.0  30000.0  1    1  65535    65535    0    150    0    150    1    150    0    0          NaN          NaN    0    0    5  2.5   2.5    0     0    1     0     0    1    1    1    1    1    1     1  Normal     0
2025-06-20 01:55:43.950 - INFO - Colonnes communes: 0/182
2025-06-20 01:55:43.950 - INFO - Colonnes manquantes: {'proto_82', 'proto_42', 'proto_92', 'swin', 'proto_73', 'proto_69', 'proto_70', 'proto_16', 'service_ssl', 'state_REQ', 'service_ftp-data', 'state_INT', 'proto_49', 'proto_93', 'proto_58', 'service_smtp', 'proto_45', 'proto_86', 'proto_129', 'proto_68', 'proto_19', 'service_irc', 'proto_17', 'proto_89', 'proto_0', 'proto_100', 'dmean', 'proto_75', 'proto_66', 'response_body_len', 'proto_36', 'proto_6', 'service_http', 'proto_43', 'rate', 'dur', 'proto_121', 'sbytes', 'proto_81', 'proto_64', 'state_CON', 'proto_120', 'proto_26', 'is_sm_ips_ports', 'proto_99', 'state_RST', 'proto_14', 'proto_23', 'proto_112', 'proto_21', 'proto_22', 'dbytes', 'service_ftp', 'stcpb', 'proto_33', 'proto_39', 'is_ftp_login', 'dinpkt', 'proto_74', 'service_dhcp', 'proto_126', 'proto_52', 'ct_dst_sport_ltm', 'trans_depth', 'proto_5', 'proto_78', 'proto_130', 'proto_123', 'proto_103', 'proto_104', 'proto_10', 'proto_38', 'proto_32', 'proto_29', 'proto_98', 'proto_4', 'proto_54', 'proto_105', 'proto_27', 'proto_7', 'proto_48', 'proto_83', 'proto_94', 'proto_95', 'proto_107', 'proto_71', 'proto_18', 'ct_ftp_cmd', 'proto_80', 'sloss', 'proto_97', 'service_ssh', 'proto_1', 'proto_30', 'proto_61', 'state_CLO', 'proto_3', 'proto_62', 'proto_72', 'proto_119', 'proto_57', 'ct_src_dport_ltm', 'proto_11', 'proto_37', 'proto_59', 'proto_96', 'proto_40', 'proto_101', 'dwin', 'sload', 'service_-', 'service_snmp', 'proto_65', 'proto_63', 'spkts', 'dtcpb', 'proto_60', 'proto_79', 'proto_117', 'service_dns', 'proto_88', 'proto_44', 'proto_110', 'dpkts', 'state_ACC', 'proto_35', 'proto_87', 'proto_125', 'proto_76', 'proto_115', 'proto_67', 'proto_28', 'dloss', 'proto_108', 'proto_47', 'proto_102', 'proto_41', 'proto_50', 'proto_2', 'state_FIN', 'proto_15', 'ct_flw_http_mthd', 'proto_91', 'proto_124', 'proto_12', 'proto_127', 'proto_116', 'proto_24', 'dload', 'ackdat', 'tcprtt', 'proto_34', 'proto_9', 'proto_128', 'proto_46', 'proto_118', 'proto_51', 'proto_90', 'smean', 'proto_20', 'proto_113', 'proto_85', 'proto_56', 'service_pop3', 'proto_106', 'proto_55', 'djit', 'sinpkt', 'proto_8', 'proto_77', 'proto_122', 'proto_84', 'proto_111', 'synack', 'proto_31', 'proto_109', 'proto_53', 'service_radius', 'proto_25', 'proto_13', 'proto_114', 'sjit'}
2025-06-20 01:55:44.021 - INFO - Préparation terminée en 0.10s
2025-06-20 01:55:44.021 - INFO - Début des prédictions...
2025-06-20 01:55:44.047 - INFO - Analyse terminée avec succès - 6 entrées traitées
